<?xml version="1.0" encoding="UTF-8"?>
<!-- Generated by org.testng.reporters.JUnitXMLReporter -->
<testsuite ignored="1" hostname="Ramesh" failures="0" tests="20" name="Default test" time="44.76" errors="0" timestamp="2025-05-23T22:07:40 IST">
  <testcase classname="tests.RegistrationTests" name="testRegistrationWithValidDetails" time="2.263"/>
  <testcase classname="tests.RegistrationTests" name="testRegistrationWithValidDetails" time="2.352"/>
  <testcase classname="tests.RegistrationTests" name="testRegistrationWithValidDetails" time="1.481"/>
  <testcase classname="tests.RegistrationTests" name="testRegistrationWithValidDetails" time="1.404"/>
  <testcase classname="tests.RegistrationTests" name="testRegistrationWithValidDetails" time="2.162"/>
  <testcase classname="tests.RegistrationTests" name="testRegistrationWithValidDetails" time="2.598"/>
  <testcase classname="tests.RegistrationTests" name="testRegistrationWithValidDetails" time="0.792"/>
  <testcase classname="tests.RegistrationTests" name="testRegistrationWithValidDetails" time="2.625"/>
  <testcase classname="tests.RegistrationTests" name="testRegistrationWithValidDetails" time="3.654"/>
  <testcase classname="tests.RegistrationTests" name="testRegistrationWithValidDetails" time="0.778"/>
  <testcase classname="tests.RegistrationTests" name="testRegistrationWithValidDetails" time="1.42"/>
  <testcase classname="tests.RegistrationTests" name="testRegistrationWithValidDetails" time="2.604"/>
  <testcase classname="tests.RegistrationTests" name="testRegistrationWithValidDetails" time="1.973"/>
  <testcase classname="tests.RegistrationTests" name="testRegistrationWithValidDetails" time="1.481"/>
  <testcase classname="tests.RegistrationTests" name="testRegistrationWithValidDetails" time="1.984"/>
  <testcase classname="tests.RegistrationTests" name="testRegistrationWithValidDetails" time="4.12"/>
  <testcase classname="tests.RegistrationTests" name="testRegistrationWithValidDetails" time="0.827"/>
  <testcase classname="tests.RegistrationTests" name="testRegistrationWithValidDetails" time="1.969"/>
  <testcase classname="tests.RegistrationTests" name="testRegistrationWithValidDetails" time="2.067"/>
  <testcase classname="tests.RegistrationTests" name="testRegistrationWithValidDetails" time="0.8"/>
  <testcase classname="tests.RegistrationTests" name="testRegistrationWithExistingEmail" time="0.0">
    <ignored/>
  </testcase> <!-- testRegistrationWithExistingEmail -->
</testsuite> <!-- Default test -->
