<?xml version="1.0" encoding="UTF-8"?>
<testng-results ignored="1" total="21" passed="20" failed="0" skipped="0">
  <reporter-output>
  </reporter-output>
  <suite started-at="2025-05-23T22:06:55 IST" name="Default suite" finished-at="2025-05-23T22:07:40 IST" duration-ms="44760">
    <groups>
    </groups>
    <test started-at="2025-05-23T22:06:55 IST" name="Default test" finished-at="2025-05-23T22:07:40 IST" duration-ms="44760">
      <class name="tests.RegistrationTests">
        <test-method is-config="true" signature="BeforeSuite()[pri:0, instance:tests.RegistrationTests@4efac082]" started-at="2025-05-23T22:06:55 IST" name="BeforeSuite" finished-at="2025-05-23T22:06:55 IST" duration-ms="6" status="PASS">
          <reporter-output>
          </reporter-output>
        </test-method> <!-- BeforeSuite -->
        <test-method is-config="true" signature="setUp()[pri:0, instance:tests.RegistrationTests@4efac082]" started-at="2025-05-23T22:06:55 IST" name="setUp" finished-at="2025-05-23T22:07:01 IST" duration-ms="5204" status="PASS">
          <reporter-output>
          </reporter-output>
        </test-method> <!-- setUp -->
        <test-method signature="testRegistrationWithValidDetails()[pri:0, instance:tests.RegistrationTests@4efac082]" started-at="2025-05-23T22:07:01 IST" name="testRegistrationWithValidDetails" finished-at="2025-05-23T22:07:03 IST" duration-ms="2263" status="PASS">
          <reporter-output>
          </reporter-output>
        </test-method> <!-- testRegistrationWithValidDetails -->
        <test-method signature="testRegistrationWithValidDetails()[pri:0, instance:tests.RegistrationTests@4efac082]" started-at="2025-05-23T22:07:03 IST" name="testRegistrationWithValidDetails" finished-at="2025-05-23T22:07:05 IST" duration-ms="2352" status="PASS">
          <reporter-output>
          </reporter-output>
        </test-method> <!-- testRegistrationWithValidDetails -->
        <test-method signature="testRegistrationWithValidDetails()[pri:0, instance:tests.RegistrationTests@4efac082]" started-at="2025-05-23T22:07:05 IST" name="testRegistrationWithValidDetails" finished-at="2025-05-23T22:07:07 IST" duration-ms="1481" status="PASS">
          <reporter-output>
          </reporter-output>
        </test-method> <!-- testRegistrationWithValidDetails -->
        <test-method signature="testRegistrationWithValidDetails()[pri:0, instance:tests.RegistrationTests@4efac082]" started-at="2025-05-23T22:07:07 IST" name="testRegistrationWithValidDetails" finished-at="2025-05-23T22:07:08 IST" duration-ms="1404" status="PASS">
          <reporter-output>
          </reporter-output>
        </test-method> <!-- testRegistrationWithValidDetails -->
        <test-method signature="testRegistrationWithValidDetails()[pri:0, instance:tests.RegistrationTests@4efac082]" started-at="2025-05-23T22:07:08 IST" name="testRegistrationWithValidDetails" finished-at="2025-05-23T22:07:10 IST" duration-ms="2162" status="PASS">
          <reporter-output>
          </reporter-output>
        </test-method> <!-- testRegistrationWithValidDetails -->
        <test-method signature="testRegistrationWithValidDetails()[pri:0, instance:tests.RegistrationTests@4efac082]" started-at="2025-05-23T22:07:10 IST" name="testRegistrationWithValidDetails" finished-at="2025-05-23T22:07:13 IST" duration-ms="2598" status="PASS">
          <reporter-output>
          </reporter-output>
        </test-method> <!-- testRegistrationWithValidDetails -->
        <test-method signature="testRegistrationWithValidDetails()[pri:0, instance:tests.RegistrationTests@4efac082]" started-at="2025-05-23T22:07:13 IST" name="testRegistrationWithValidDetails" finished-at="2025-05-23T22:07:14 IST" duration-ms="792" status="PASS">
          <reporter-output>
          </reporter-output>
        </test-method> <!-- testRegistrationWithValidDetails -->
        <test-method signature="testRegistrationWithValidDetails()[pri:0, instance:tests.RegistrationTests@4efac082]" started-at="2025-05-23T22:07:14 IST" name="testRegistrationWithValidDetails" finished-at="2025-05-23T22:07:16 IST" duration-ms="2625" status="PASS">
          <reporter-output>
          </reporter-output>
        </test-method> <!-- testRegistrationWithValidDetails -->
        <test-method signature="testRegistrationWithValidDetails()[pri:0, instance:tests.RegistrationTests@4efac082]" started-at="2025-05-23T22:07:16 IST" name="testRegistrationWithValidDetails" finished-at="2025-05-23T22:07:20 IST" duration-ms="3654" status="PASS">
          <reporter-output>
          </reporter-output>
        </test-method> <!-- testRegistrationWithValidDetails -->
        <test-method signature="testRegistrationWithValidDetails()[pri:0, instance:tests.RegistrationTests@4efac082]" started-at="2025-05-23T22:07:20 IST" name="testRegistrationWithValidDetails" finished-at="2025-05-23T22:07:21 IST" duration-ms="778" status="PASS">
          <reporter-output>
          </reporter-output>
        </test-method> <!-- testRegistrationWithValidDetails -->
        <test-method signature="testRegistrationWithValidDetails()[pri:0, instance:tests.RegistrationTests@4efac082]" started-at="2025-05-23T22:07:21 IST" name="testRegistrationWithValidDetails" finished-at="2025-05-23T22:07:22 IST" duration-ms="1420" status="PASS">
          <reporter-output>
          </reporter-output>
        </test-method> <!-- testRegistrationWithValidDetails -->
        <test-method signature="testRegistrationWithValidDetails()[pri:0, instance:tests.RegistrationTests@4efac082]" started-at="2025-05-23T22:07:22 IST" name="testRegistrationWithValidDetails" finished-at="2025-05-23T22:07:25 IST" duration-ms="2604" status="PASS">
          <reporter-output>
          </reporter-output>
        </test-method> <!-- testRegistrationWithValidDetails -->
        <test-method signature="testRegistrationWithValidDetails()[pri:0, instance:tests.RegistrationTests@4efac082]" started-at="2025-05-23T22:07:25 IST" name="testRegistrationWithValidDetails" finished-at="2025-05-23T22:07:27 IST" duration-ms="1973" status="PASS">
          <reporter-output>
          </reporter-output>
        </test-method> <!-- testRegistrationWithValidDetails -->
        <test-method signature="testRegistrationWithValidDetails()[pri:0, instance:tests.RegistrationTests@4efac082]" started-at="2025-05-23T22:07:27 IST" name="testRegistrationWithValidDetails" finished-at="2025-05-23T22:07:28 IST" duration-ms="1481" status="PASS">
          <reporter-output>
          </reporter-output>
        </test-method> <!-- testRegistrationWithValidDetails -->
        <test-method signature="testRegistrationWithValidDetails()[pri:0, instance:tests.RegistrationTests@4efac082]" started-at="2025-05-23T22:07:28 IST" name="testRegistrationWithValidDetails" finished-at="2025-05-23T22:07:30 IST" duration-ms="1984" status="PASS">
          <reporter-output>
          </reporter-output>
        </test-method> <!-- testRegistrationWithValidDetails -->
        <test-method signature="testRegistrationWithValidDetails()[pri:0, instance:tests.RegistrationTests@4efac082]" started-at="2025-05-23T22:07:30 IST" name="testRegistrationWithValidDetails" finished-at="2025-05-23T22:07:34 IST" duration-ms="4120" status="PASS">
          <reporter-output>
          </reporter-output>
        </test-method> <!-- testRegistrationWithValidDetails -->
        <test-method signature="testRegistrationWithValidDetails()[pri:0, instance:tests.RegistrationTests@4efac082]" started-at="2025-05-23T22:07:34 IST" name="testRegistrationWithValidDetails" finished-at="2025-05-23T22:07:35 IST" duration-ms="827" status="PASS">
          <reporter-output>
          </reporter-output>
        </test-method> <!-- testRegistrationWithValidDetails -->
        <test-method signature="testRegistrationWithValidDetails()[pri:0, instance:tests.RegistrationTests@4efac082]" started-at="2025-05-23T22:07:35 IST" name="testRegistrationWithValidDetails" finished-at="2025-05-23T22:07:37 IST" duration-ms="1969" status="PASS">
          <reporter-output>
          </reporter-output>
        </test-method> <!-- testRegistrationWithValidDetails -->
        <test-method signature="testRegistrationWithValidDetails()[pri:0, instance:tests.RegistrationTests@4efac082]" started-at="2025-05-23T22:07:37 IST" name="testRegistrationWithValidDetails" finished-at="2025-05-23T22:07:39 IST" duration-ms="2067" status="PASS">
          <reporter-output>
          </reporter-output>
        </test-method> <!-- testRegistrationWithValidDetails -->
        <test-method signature="testRegistrationWithValidDetails()[pri:0, instance:tests.RegistrationTests@4efac082]" started-at="2025-05-23T22:07:39 IST" name="testRegistrationWithValidDetails" finished-at="2025-05-23T22:07:40 IST" duration-ms="800" status="PASS">
          <reporter-output>
          </reporter-output>
        </test-method> <!-- testRegistrationWithValidDetails -->
        <test-method is-config="true" signature="tearDown()[pri:0, instance:tests.RegistrationTests@4efac082]" started-at="2025-05-23T22:07:40 IST" name="tearDown" finished-at="2025-05-23T22:07:40 IST" duration-ms="158" status="PASS">
          <reporter-output>
          </reporter-output>
        </test-method> <!-- tearDown -->
        <test-method is-config="true" signature="AfterSuite()[pri:0, instance:tests.RegistrationTests@4efac082]" started-at="2025-05-23T22:07:40 IST" name="AfterSuite" finished-at="2025-05-23T22:07:40 IST" duration-ms="0" status="PASS">
          <reporter-output>
          </reporter-output>
        </test-method> <!-- AfterSuite -->
      </class> <!-- tests.RegistrationTests -->
    </test> <!-- Default test -->
  </suite> <!-- Default suite -->
</testng-results>
